#
# There is insufficient memory for the Java Runtime Environment to continue.
# Native memory allocation (malloc) failed to allocate 32756 bytes for ChunkPool::allocate
# Possible reasons:
#   The system is out of physical RAM or swap space
#   In 32 bit mode, the process size limit was hit
# Possible solutions:
#   Reduce memory load on the system
#   Increase physical memory or swap space
#   Check if swap backing store is full
#   Use 64 bit Java on a 64 bit OS
#   Decrease Java heap size (-Xmx/-Xms)
#   Decrease number of Java threads
#   Decrease Java thread stack sizes (-Xss)
#   Set larger code cache with -XX:ReservedCodeCacheSize=
# This output file may be truncated or incomplete.
#
#  Out of Memory Error (allocation.cpp:273), pid=4124, tid=0x000014e0
#
# JRE version: Java(TM) SE Runtime Environment (8.0_181-b13) (build 1.8.0_181-b13)
# Java VM: Java HotSpot(TM) Client VM (25.181-b13 mixed mode, sharing windows-x86 )
# Failed to write core dump. Minidumps are not enabled by default on client versions of Windows
#

---------------  T H R E A D  ---------------

Current thread (0x01f46000):  JavaThread "C1 CompilerThread0" daemon [_thread_in_native, id=5344, stack(0x14640000,0x14690000)]

Stack: [0x14640000,0x14690000],  sp=0x1468edd4,  free space=315k
Native frames: (J=compiled Java code, j=interpreted, Vv=VM code, C=native code)
V  [jvm.dll+0x1accfb]
V  [jvm.dll+0x1a53c8]
V  [jvm.dll+0x8de91]
V  [jvm.dll+0x8e06d]
V  [jvm.dll+0x8e4e7]
V  [jvm.dll+0xa5f74]
V  [jvm.dll+0x1a4a59]
V  [jvm.dll+0x1a4b78]
V  [jvm.dll+0x2a3db4]
V  [jvm.dll+0x2a882f]
V  [jvm.dll+0x28ce79]
V  [jvm.dll+0x28cf4a]
V  [jvm.dll+0x28d0b8]
V  [jvm.dll+0x28d332]
V  [jvm.dll+0x716da]
V  [jvm.dll+0x71e8f]
V  [jvm.dll+0x17f280]
V  [jvm.dll+0x17fafa]
V  [jvm.dll+0x1c5416]
C  [msvcr100.dll+0x5c556]
C  [msvcr100.dll+0x5c600]
C  [KERNEL32.DLL+0x18f04]
C  [ntdll.dll+0x69c23]
C  [ntdll.dll+0x69bf2]
C  0x00000000


Current CompileTask:
C1:  39020 1686             org.springframework.asm.ClassReader::readCode (5085 bytes)


---------------  P R O C E S S  ---------------

Java Threads: ( => current thread )
  0x17a08400 JavaThread "task-1" [_thread_in_native, id=10236, stack(0x18da0000,0x18df0000)]
  0x179a8400 JavaThread "mysql-cj-abandoned-connection-cleanup" daemon [_thread_blocked, id=3580, stack(0x18c50000,0x18ca0000)]
  0x17994c00 JavaThread "container-0" [_thread_blocked, id=4464, stack(0x18c00000,0x18c50000)]
  0x17994400 JavaThread "Catalina-utility-2" [_thread_blocked, id=9832, stack(0x18bb0000,0x18c00000)]
  0x1653c400 JavaThread "Catalina-utility-1" [_thread_blocked, id=8120, stack(0x16030000,0x16080000)]
  0x01f53400 JavaThread "Service Thread" daemon [_thread_blocked, id=5020, stack(0x14ed0000,0x14f20000)]
=>0x01f46000 JavaThread "C1 CompilerThread0" daemon [_thread_in_native, id=5344, stack(0x14640000,0x14690000)]
  0x01f3b400 JavaThread "Monitor Ctrl-Break" daemon [_thread_in_native, id=4088, stack(0x145f0000,0x14640000)]
  0x01f25000 JavaThread "Attach Listener" daemon [_thread_blocked, id=1904, stack(0x145a0000,0x145f0000)]
  0x01f23400 JavaThread "Signal Dispatcher" daemon [_thread_blocked, id=3192, stack(0x14550000,0x145a0000)]
  0x01f19800 JavaThread "Finalizer" daemon [_thread_blocked, id=7592, stack(0x14500000,0x14550000)]
  0x01ebbc00 JavaThread "Reference Handler" daemon [_thread_blocked, id=6216, stack(0x144b0000,0x14500000)]
  0x01aac800 JavaThread "main" [_thread_blocked, id=9844, stack(0x00b00000,0x00b50000)]

Other Threads:
  0x01eb8c00 VMThread [stack: 0x14460000,0x144b0000] [id=9824]
  0x01f64c00 WatcherThread [stack: 0x14f20000,0x14f70000] [id=10168]

VM state:not at safepoint (normal execution)

VM Mutex/Monitor currently owned by a thread: None

Heap:
 def new generation   total 8064K, used 4511K [0x04000000, 0x048c0000, 0x09550000)
  eden space 7168K,  53% used [0x04000000, 0x043b86f0, 0x04700000)
  from space 896K,  78% used [0x047e0000, 0x0488f6c0, 0x048c0000)
  to   space 896K,   0% used [0x04700000, 0x04700000, 0x047e0000)
 tenured generation   total 17800K, used 13253K [0x09550000, 0x0a6b2000, 0x14000000)
   the space 17800K,  74% used [0x09550000, 0x0a241578, 0x0a241600, 0x0a6b2000)
 Metaspace       used 20261K, capacity 21379K, committed 21504K, reserved 21888K

Card table byte_map: [0x019e0000,0x01a70000] byte_map_base: 0x019c0000

Polling page: 0x00b50000

CodeCache: size=32768Kb used=3022Kb max_used=3022Kb free=29745Kb
 bounds [0x01f90000, 0x02288000, 0x03f90000]
 total_blobs=1842 nmethods=1648 adapters=124
 compilation: enabled

Compilation events (10 events):
Event: 38.860 Thread 0x01f46000 nmethod 1680 0x02281588 code [0x022816b0, 0x02281978]
Event: 38.860 Thread 0x01f46000 1681   !         sun.reflect.generics.factory.CoreReflectionFactory::makeNamedType (21 bytes)
Event: 38.861 Thread 0x01f46000 nmethod 1681 0x02281b48 code [0x02281c60, 0x02281db4]
Event: 38.862 Thread 0x01f46000 1682             java.beans.Introspector::makeQualifiedMethodName (50 bytes)
Event: 38.864 Thread 0x01f46000 nmethod 1682 0x02281ec8 code [0x02282050, 0x02282bc4]
Event: 38.868 Thread 0x01f46000 1683             java.lang.Class::getDeclaringClass (22 bytes)
Event: 38.869 Thread 0x01f46000 nmethod 1683 0x022837c8 code [0x022838e0, 0x022839d4]
Event: 38.930 Thread 0x01f46000 1685             sun.reflect.generics.reflectiveObjects.WildcardTypeImpl::getLowerBounds (72 bytes)
Event: 38.932 Thread 0x01f46000 nmethod 1685 0x02283ac8 code [0x02283bf0, 0x02283eb8]
Event: 38.938 Thread 0x01f46000 1686             org.springframework.asm.ClassReader::readCode (5085 bytes)

GC Heap History (10 events):
Event: 38.114 GC heap before
{Heap before GC invocations=104 (full 2):
 def new generation   total 8064K, used 7630K [0x04000000, 0x048c0000, 0x09550000)
  eden space 7168K, 100% used [0x04000000, 0x04700000, 0x04700000)
  from space 896K,  51% used [0x04700000, 0x04773920, 0x047e0000)
  to   space 896K,   0% used [0x047e0000, 0x047e0000, 0x048c0000)
 tenured generation   total 17800K, used 12415K [0x09550000, 0x0a6b2000, 0x14000000)
   the space 17800K,  69% used [0x09550000, 0x0a16fe98, 0x0a170000, 0x0a6b2000)
 Metaspace       used 19491K, capacity 20573K, committed 20608K, reserved 20864K
Event: 38.122 GC heap after
Heap after GC invocations=105 (full 2):
 def new generation   total 8064K, used 357K [0x04000000, 0x048c0000, 0x09550000)
  eden space 7168K,   0% used [0x04000000, 0x04000000, 0x04700000)
  from space 896K,  39% used [0x047e0000, 0x04839638, 0x048c0000)
  to   space 896K,   0% used [0x04700000, 0x04700000, 0x047e0000)
 tenured generation   total 17800K, used 12591K [0x09550000, 0x0a6b2000, 0x14000000)
   the space 17800K,  70% used [0x09550000, 0x0a19bca8, 0x0a19be00, 0x0a6b2000)
 Metaspace       used 19491K, capacity 20573K, committed 20608K, reserved 20864K
}
Event: 38.270 GC heap before
{Heap before GC invocations=105 (full 2):
 def new generation   total 8064K, used 7525K [0x04000000, 0x048c0000, 0x09550000)
  eden space 7168K, 100% used [0x04000000, 0x04700000, 0x04700000)
  from space 896K,  39% used [0x047e0000, 0x04839638, 0x048c0000)
  to   space 896K,   0% used [0x04700000, 0x04700000, 0x047e0000)
 tenured generation   total 17800K, used 12591K [0x09550000, 0x0a6b2000, 0x14000000)
   the space 17800K,  70% used [0x09550000, 0x0a19bca8, 0x0a19be00, 0x0a6b2000)
 Metaspace       used 19659K, capacity 20758K, committed 20864K, reserved 20864K
Event: 38.279 GC heap after
Heap after GC invocations=106 (full 2):
 def new generation   total 8064K, used 741K [0x04000000, 0x048c0000, 0x09550000)
  eden space 7168K,   0% used [0x04000000, 0x04000000, 0x04700000)
  from space 896K,  82% used [0x04700000, 0x047b94c0, 0x047e0000)
  to   space 896K,   0% used [0x047e0000, 0x047e0000, 0x048c0000)
 tenured generation   total 17800K, used 12591K [0x09550000, 0x0a6b2000, 0x14000000)
   the space 17800K,  70% used [0x09550000, 0x0a19bca8, 0x0a19be00, 0x0a6b2000)
 Metaspace       used 19659K, capacity 20758K, committed 20864K, reserved 20864K
}
Event: 38.467 GC heap before
{Heap before GC invocations=106 (full 2):
 def new generation   total 8064K, used 7909K [0x04000000, 0x048c0000, 0x09550000)
  eden space 7168K, 100% used [0x04000000, 0x04700000, 0x04700000)
  from space 896K,  82% used [0x04700000, 0x047b94c0, 0x047e0000)
  to   space 896K,   0% used [0x047e0000, 0x047e0000, 0x048c0000)
 tenured generation   total 17800K, used 12591K [0x09550000, 0x0a6b2000, 0x14000000)
   the space 17800K,  70% used [0x09550000, 0x0a19bca8, 0x0a19be00, 0x0a6b2000)
 Metaspace       used 19791K, capacity 20893K, committed 20992K, reserved 21888K
Event: 38.479 GC heap after
Heap after GC invocations=107 (full 2):
 def new generation   total 8064K, used 363K [0x04000000, 0x048c0000, 0x09550000)
  eden space 7168K,   0% used [0x04000000, 0x04000000, 0x04700000)
  from space 896K,  40% used [0x047e0000, 0x0483afa0, 0x048c0000)
  to   space 896K,   0% used [0x04700000, 0x04700000, 0x047e0000)
 tenured generation   total 17800K, used 13073K [0x09550000, 0x0a6b2000, 0x14000000)
   the space 17800K,  73% used [0x09550000, 0x0a214418, 0x0a214600, 0x0a6b2000)
 Metaspace       used 19791K, capacity 20893K, committed 20992K, reserved 21888K
}
Event: 38.600 GC heap before
{Heap before GC invocations=107 (full 2):
 def new generation   total 8064K, used 7531K [0x04000000, 0x048c0000, 0x09550000)
  eden space 7168K, 100% used [0x04000000, 0x04700000, 0x04700000)
  from space 896K,  40% used [0x047e0000, 0x0483afa0, 0x048c0000)
  to   space 896K,   0% used [0x04700000, 0x04700000, 0x047e0000)
 tenured generation   total 17800K, used 13073K [0x09550000, 0x0a6b2000, 0x14000000)
   the space 17800K,  73% used [0x09550000, 0x0a214418, 0x0a214600, 0x0a6b2000)
 Metaspace       used 19937K, capacity 21029K, committed 21120K, reserved 21888K
Event: 38.608 GC heap after
Heap after GC invocations=108 (full 2):
 def new generation   total 8064K, used 619K [0x04000000, 0x048c0000, 0x09550000)
  eden space 7168K,   0% used [0x04000000, 0x04000000, 0x04700000)
  from space 896K,  69% used [0x04700000, 0x0479aff8, 0x047e0000)
  to   space 896K,   0% used [0x047e0000, 0x047e0000, 0x048c0000)
 tenured generation   total 17800K, used 13073K [0x09550000, 0x0a6b2000, 0x14000000)
   the space 17800K,  73% used [0x09550000, 0x0a214418, 0x0a214600, 0x0a6b2000)
 Metaspace       used 19937K, capacity 21029K, committed 21120K, reserved 21888K
}
Event: 38.893 GC heap before
{Heap before GC invocations=108 (full 2):
 def new generation   total 8064K, used 7787K [0x04000000, 0x048c0000, 0x09550000)
  eden space 7168K, 100% used [0x04000000, 0x04700000, 0x04700000)
  from space 896K,  69% used [0x04700000, 0x0479aff8, 0x047e0000)
  to   space 896K,   0% used [0x047e0000, 0x047e0000, 0x048c0000)
 tenured generation   total 17800K, used 13073K [0x09550000, 0x0a6b2000, 0x14000000)
   the space 17800K,  73% used [0x09550000, 0x0a214418, 0x0a214600, 0x0a6b2000)
 Metaspace       used 20104K, capacity 21209K, committed 21248K, reserved 21888K
Event: 38.902 GC heap after
Heap after GC invocations=109 (full 2):
 def new generation   total 8064K, used 701K [0x04000000, 0x048c0000, 0x09550000)
  eden space 7168K,   0% used [0x04000000, 0x04000000, 0x04700000)
  from space 896K,  78% used [0x047e0000, 0x0488f6c0, 0x048c0000)
  to   space 896K,   0% used [0x04700000, 0x04700000, 0x047e0000)
 tenured generation   total 17800K, used 13253K [0x09550000, 0x0a6b2000, 0x14000000)
   the space 17800K,  74% used [0x09550000, 0x0a241578, 0x0a241600, 0x0a6b2000)
 Metaspace       used 20104K, capacity 21209K, committed 21248K, reserved 21888K
}

Deoptimization events (0 events):
No events

Classes redefined (0 events):
No events

Internal exceptions (10 events):
Event: 38.880 Thread 0x01aac800 Exception <a 'java/lang/ClassNotFoundException': org/springframework/core/convert/support/ConfigurableConversionServiceCustomizer> (0x04634bb0) thrown at [C:\workspace\8-2-build-windows-i586-cygwin\jdk8u181\11358\hotspot\src\share\vm\classfile\systemDicti
Event: 38.883 Thread 0x01aac800 Exception <a 'java/lang/ClassNotFoundException': org/springframework/core/convert/ConversionServiceCustomizer> (0x04670ca8) thrown at [C:\workspace\8-2-build-windows-i586-cygwin\jdk8u181\11358\hotspot\src\share\vm\classfile\systemDictionary.cpp, line 210]
Event: 38.883 Thread 0x01aac800 Exception <a 'java/lang/ArrayIndexOutOfBoundsException'> (0x04671ef8) thrown at [C:\workspace\8-2-build-windows-i586-cygwin\jdk8u181\11358\hotspot\src\share\vm\runtime\sharedRuntime.cpp, line 605]
Event: 38.883 Thread 0x01aac800 Exception <a 'java/lang/ArrayIndexOutOfBoundsException'> (0x04675318) thrown at [C:\workspace\8-2-build-windows-i586-cygwin\jdk8u181\11358\hotspot\src\share\vm\runtime\sharedRuntime.cpp, line 605]
Event: 38.885 Thread 0x01aac800 Exception <a 'java/lang/ClassNotFoundException': org/springframework/core/convert/converter/ConverterRegistryCustomizer> (0x046b4ac8) thrown at [C:\workspace\8-2-build-windows-i586-cygwin\jdk8u181\11358\hotspot\src\share\vm\classfile\systemDictionary.cpp,
Event: 38.924 Thread 0x01aac800 Exception <a 'java/lang/ClassNotFoundException': java/lang/ObjectCustomizer> (0x04056760) thrown at [C:\workspace\8-2-build-windows-i586-cygwin\jdk8u181\11358\hotspot\src\share\vm\classfile\systemDictionary.cpp, line 210]
Event: 38.927 Thread 0x01aac800 Exception <a 'java/lang/ClassNotFoundException': org/springframework/web/servlet/config/annotation/WebMvcConfigurationSupport$NoOpValidatorCustomizer> (0x0409f590) thrown at [C:\workspace\8-2-build-windows-i586-cygwin\jdk8u181\11358\hotspot\src\share\vm\c
Event: 38.928 Thread 0x01aac800 Exception <a 'java/lang/ArrayIndexOutOfBoundsException'> (0x040a14b8) thrown at [C:\workspace\8-2-build-windows-i586-cygwin\jdk8u181\11358\hotspot\src\share\vm\runtime\sharedRuntime.cpp, line 605]
Event: 38.930 Thread 0x01aac800 Exception <a 'java/lang/ClassNotFoundException': org/springframework/validation/ValidatorCustomizer> (0x040cc1d0) thrown at [C:\workspace\8-2-build-windows-i586-cygwin\jdk8u181\11358\hotspot\src\share\vm\classfile\systemDictionary.cpp, line 210]
Event: 38.930 Thread 0x01aac800 Exception <a 'java/lang/ArrayIndexOutOfBoundsException'> (0x040cd718) thrown at [C:\workspace\8-2-build-windows-i586-cygwin\jdk8u181\11358\hotspot\src\share\vm\runtime\sharedRuntime.cpp, line 605]

Events (10 events):
Event: 38.976 loading class org/hibernate/internal/CoreMessageLogger_$logger_en_ZA
Event: 38.976 loading class org/hibernate/internal/CoreMessageLogger_$logger_en_ZA done
Event: 38.976 loading class org/springframework/util/ReflectionUtils$MethodFilter
Event: 38.976 loading class org/springframework/util/ReflectionUtils$MethodFilter done
Event: 38.977 loading class org/springframework/http/HttpMethod
Event: 38.977 loading class org/springframework/http/HttpMethod done
Event: 38.977 loading class org/hibernate/internal/CoreMessageLogger_$logger_en
Event: 38.977 loading class org/hibernate/internal/CoreMessageLogger_$logger_en done
Event: 38.978 loading class org/hibernate/type/BooleanType
Event: 38.978 loading class org/hibernate/type/BooleanType done


Dynamic libraries:
0x00ca0000 - 0x00cd3000 	C:\Program Files\Java\jdk1.8.0_181\bin\java.exe
0x77b80000 - 0x77d06000 	C:\WINDOWS\SYSTEM32\ntdll.dll
0x76b40000 - 0x76bd6000 	C:\WINDOWS\System32\KERNEL32.DLL
0x74a80000 - 0x74c27000 	C:\WINDOWS\System32\KERNELBASE.dll
0x73170000 - 0x73202000 	C:\WINDOWS\system32\apphelp.dll
0x76ec0000 - 0x76f37000 	C:\WINDOWS\System32\ADVAPI32.dll
0x776b0000 - 0x7776e000 	C:\WINDOWS\System32\msvcrt.dll
0x768d0000 - 0x76911000 	C:\WINDOWS\System32\sechost.dll
0x76de0000 - 0x76ea3000 	C:\WINDOWS\System32\RPCRT4.dll
0x77030000 - 0x77179000 	C:\WINDOWS\System32\USER32.dll
0x74db0000 - 0x74dc9000 	C:\WINDOWS\System32\win32u.dll
0x76d20000 - 0x76d4b000 	C:\WINDOWS\System32\GDI32.dll
0x74920000 - 0x74a79000 	C:\WINDOWS\System32\gdi32full.dll
0x6c930000 - 0x6cb3a000 	C:\WINDOWS\WinSxS\x86_microsoft.windows.common-controls_6595b64144ccf1df_6.0.14393.953_none_89c2555adb023171\COMCTL32.dll
0x77770000 - 0x77981000 	C:\WINDOWS\System32\combase.dll
0x74840000 - 0x74920000 	C:\WINDOWS\System32\ucrtbase.dll
0x74dd0000 - 0x74e2a000 	C:\WINDOWS\System32\bcryptPrimitives.dll
0x77a50000 - 0x77a76000 	C:\WINDOWS\System32\IMM32.DLL
0x64f70000 - 0x6502f000 	C:\Program Files\Java\jdk1.8.0_181\jre\bin\msvcr100.dll
0x01ab0000 - 0x01e83000 	C:\Program Files\Java\jdk1.8.0_181\jre\bin\client\jvm.dll
0x77270000 - 0x77276000 	C:\WINDOWS\System32\PSAPI.DLL
0x72030000 - 0x72038000 	C:\WINDOWS\SYSTEM32\WSOCK32.dll
0x730b0000 - 0x730d4000 	C:\WINDOWS\SYSTEM32\WINMM.dll
0x77a80000 - 0x77ae3000 	C:\WINDOWS\System32\WS2_32.dll
0x69d40000 - 0x69d48000 	C:\WINDOWS\SYSTEM32\VERSION.dll
0x73040000 - 0x73063000 	C:\WINDOWS\SYSTEM32\WINMMBASE.dll
0x74780000 - 0x747b6000 	C:\WINDOWS\System32\cfgmgr32.dll
0x72130000 - 0x7213c000 	C:\Program Files\Java\jdk1.8.0_181\jre\bin\verify.dll
0x70390000 - 0x703b2000 	C:\Program Files\Java\jdk1.8.0_181\jre\bin\java.dll
0x61470000 - 0x61490000 	C:\Program Files\Java\jdk1.8.0_181\jre\bin\instrument.dll
0x70370000 - 0x70384000 	C:\Program Files\Java\jdk1.8.0_181\jre\bin\zip.dll
0x75440000 - 0x76818000 	C:\WINDOWS\System32\SHELL32.dll
0x74ed0000 - 0x7543e000 	C:\WINDOWS\System32\windows.storage.dll
0x746e0000 - 0x74725000 	C:\WINDOWS\System32\powrprof.dll
0x76820000 - 0x76866000 	C:\WINDOWS\System32\shlwapi.dll
0x746d0000 - 0x746dd000 	C:\WINDOWS\System32\kernel.appcore.dll
0x76d50000 - 0x76dd8000 	C:\WINDOWS\System32\shcore.dll
0x746c0000 - 0x746cf000 	C:\WINDOWS\System32\profapi.dll
0x5dc50000 - 0x5dc66000 	C:\Program Files\JetBrains\IntelliJ IDEA 2020.2.3\bin\breakgen.dll
0x68ac0000 - 0x68ad5000 	C:\Program Files\Java\jdk1.8.0_181\jre\bin\net.dll
0x740b0000 - 0x74100000 	C:\WINDOWS\system32\mswsock.dll
0x70340000 - 0x7034f000 	C:\Program Files\Java\jdk1.8.0_181\jre\bin\nio.dll
0x74220000 - 0x74233000 	C:\WINDOWS\SYSTEM32\CRYPTSP.dll
0x73d70000 - 0x73d9f000 	C:\WINDOWS\system32\rsaenh.dll
0x74610000 - 0x7462d000 	C:\WINDOWS\SYSTEM32\bcrypt.dll
0x73f60000 - 0x73f7a000 	C:\WINDOWS\SYSTEM32\USERENV.dll
0x74240000 - 0x7424a000 	C:\WINDOWS\SYSTEM32\CRYPTBASE.dll
0x73ea0000 - 0x73ecf000 	C:\WINDOWS\SYSTEM32\IPHLPAPI.DLL
0x76eb0000 - 0x76eb7000 	C:\WINDOWS\System32\NSI.dll
0x6a1e0000 - 0x6a1f3000 	C:\WINDOWS\SYSTEM32\dhcpcsvc6.DLL
0x6b840000 - 0x6b854000 	C:\WINDOWS\SYSTEM32\dhcpcsvc.DLL
0x6fa20000 - 0x6fa2a000 	C:\Program Files\Java\jdk1.8.0_181\jre\bin\management.dll
0x64520000 - 0x64532000 	C:\WINDOWS\system32\napinsp.dll
0x64540000 - 0x64556000 	C:\WINDOWS\system32\pnrpnsp.dll
0x72510000 - 0x72524000 	C:\WINDOWS\system32\NLAapi.dll
0x64560000 - 0x6456c000 	C:\WINDOWS\System32\winrnr.dll
0x73ed0000 - 0x73f4d000 	C:\WINDOWS\SYSTEM32\DNSAPI.dll
0x674e0000 - 0x67501000 	C:\Program Files\Bonjour\mdnsNSP.dll
0x64570000 - 0x64581000 	C:\WINDOWS\System32\wshbth.dll
0x674d0000 - 0x674d8000 	C:\Windows\System32\rasadhlp.dll
0x6b8f0000 - 0x6b939000 	C:\WINDOWS\System32\fwpuclnt.dll

VM Arguments:
jvm_args: -ea -Didea.test.cyclic.buffer.size=1048576 -javaagent:C:\Program Files\JetBrains\IntelliJ IDEA 2020.2.3\lib\idea_rt.jar=53481:C:\Program Files\JetBrains\IntelliJ IDEA 2020.2.3\bin -Dfile.encoding=UTF-8 
java_command: com.intellij.rt.junit.JUnitStarter -ideVersion5 -junit4 com.adp3.controller.standalone.EmployeeControllerTest,a_create
java_class_path (initial): C:\Program Files\JetBrains\IntelliJ IDEA 2020.2.3\lib\idea_rt.jar;C:\Program Files\JetBrains\IntelliJ IDEA 2020.2.3\plugins\junit\lib\junit5-rt.jar;C:\Program Files\JetBrains\IntelliJ IDEA 2020.2.3\plugins\junit\lib\junit-rt.jar;C:\Program Files\Java\jdk1.8.0_181\jre\lib\charsets.jar;C:\Program Files\Java\jdk1.8.0_181\jre\lib\deploy.jar;C:\Program Files\Java\jdk1.8.0_181\jre\lib\ext\access-bridge.jar;C:\Program Files\Java\jdk1.8.0_181\jre\lib\ext\cldrdata.jar;C:\Program Files\Java\jdk1.8.0_181\jre\lib\ext\dnsns.jar;C:\Program Files\Java\jdk1.8.0_181\jre\lib\ext\jaccess.jar;C:\Program Files\Java\jdk1.8.0_181\jre\lib\ext\jfxrt.jar;C:\Program Files\Java\jdk1.8.0_181\jre\lib\ext\localedata.jar;C:\Program Files\Java\jdk1.8.0_181\jre\lib\ext\nashorn.jar;C:\Program Files\Java\jdk1.8.0_181\jre\lib\ext\sunec.jar;C:\Program Files\Java\jdk1.8.0_181\jre\lib\ext\sunjce_provider.jar;C:\Program Files\Java\jdk1.8.0_181\jre\lib\ext\sunmscapi.jar;C:\Program Files\Java\jdk1.8.0_181\jre\lib\ext\sunpkcs11.jar;C:\Program Files\Java\jdk1.8.0_181\jre\lib\ext\zipfs.jar;C:\Program Files\Java\jdk1.8.0_181\jre\lib\javaws.jar;C:\Program Files\Java\jdk1.8.0_181\jre\lib\jce.jar;C:\Program Files\Java\jdk1.8.0_181\jre\lib\jfr.jar;C:\Program Files\Java\jdk1.8.0_181\jre\lib\jfxswt.jar;C:\Program Files\Java\jdk1.8.0_181\jre\lib\jsse.jar;C:\Program Files\Java\jdk1.8.0_181\jre\lib\management-agent.jar;C:\Program Files\Java\jdk1.8.0_181\jre\lib\plugin.jar;C:\Program Files\Java\jdk1.8.0_181\jre\lib\resources.jar;C:\Program Files\Java\jdk1.8.0_181\jre\lib\rt.jar;C:\10\EmployeeTimeManagementSystem-1\target\test-classes;C:\10\EmployeeTimeManagementSystem-1\target\classes;C:\Users\Lungisa\.m2\repository\org\springframework\boot\spring-boot-starter-web\2.3.4.RELEASE\spring-boot-starter-web-2.3.4.RELEASE.jar;C:\Users\Lungisa\.m2\repository\org\springframework\boot\spring-boot-starter\2.3.4.RELEASE\spring-boot-starter-2.3.4.RELEASE.jar;C:\Users\Lungisa\.m2\repository\org\springframew
Launcher Type: SUN_STANDARD

Environment Variables:
PATH=C:\Program Files\Common Files\Oracle\Java\javapath;C:\Program Files\Common Files\ArcSoft\Bin;C:\ProgramData\Oracle\Java\javapath;C:\WINDOWS\system32;C:\WINDOWS;C:\WINDOWS\System32\Wbem;C:\WINDOWS\System32\WindowsPowerShell\v1.0\;C:\Program Files\Git\cmd;C:\Program Files\nodejs\;C:\Users\Lungisa\AppData\Local\Microsoft\WindowsApps;C:\Users\Lungisa\AppData\Roaming\npm
USERNAME=Lungisa
OS=Windows_NT
PROCESSOR_IDENTIFIER=x86 Family 6 Model 76 Stepping 3, GenuineIntel



---------------  S Y S T E M  ---------------

OS: Windows 10.0 Build 14393 (10.0.14393.2214)

CPU:total 4 (initial active 4) (4 cores per cpu, 1 threads per core) family 6 model 76 stepping 3, cmov, cx8, fxsr, mmx, sse, sse2, sse3, ssse3, sse4.1, sse4.2, popcnt, aes, clmul, erms, 3dnowpref, tsc, tscinvbit

Memory: 4k page, physical 2019544k(333516k free), swap 5242428k(104k free)

vm_info: Java HotSpot(TM) Client VM (25.181-b13) for windows-x86 JRE (1.8.0_181-b13), built on Jul  7 2018 03:18:20 by "java_re" with MS VC++ 10.0 (VS2010)

time: Tue Nov 10 19:48:24 2020
elapsed time: 39 seconds (0d 0h 0m 39s)

